
  .   ____          _            __ _ _
 /\\ / ___'_ __ _ _(_)_ __  __ _ \ \ \ \
( ( )\___ | '_ | '_| | '_ \/ _` | \ \ \ \
 \\/  ___)| |_)| | | | | || (_| |  ) ) ) )
  '  |____| .__|_| |_|_| |_\__, | / / / /
 =========|_|==============|___/=/_/_/_/

 :: Spring Boot ::                (v3.3.1)

2026-04-09T20:46:04.640+02:00  INFO 75356 --- [backend] [           main] c.calonuria.backend.BackendApplication   : Starting BackendApplication v0.0.1-SNAPSHOT using Java 21.0.10 with PID 75356 (/Users/nuriacalo/Desktop/BetweenPages/backend/target/backend-0.0.1-SNAPSHOT.jar started by nuriacalo in /Users/nuriacalo/Desktop/BetweenPages/backend)
2026-04-09T20:46:04.642+02:00  INFO 75356 --- [backend] [           main] c.calonuria.backend.BackendApplication   : No active profile set, falling back to 1 default profile: "default"
2026-04-09T20:46:05.292+02:00  INFO 75356 --- [backend] [           main] .s.d.r.c.RepositoryConfigurationDelegate : Bootstrapping Spring Data JPA repositories in DEFAULT mode.
2026-04-09T20:46:05.332+02:00  INFO 75356 --- [backend] [           main] .s.d.r.c.RepositoryConfigurationDelegate : Finished Spring Data repository scanning in 36 ms. Found 10 JPA repository interfaces.
2026-04-09T20:46:05.619+02:00  INFO 75356 --- [backend] [           main] o.s.b.w.embedded.tomcat.TomcatWebServer  : Tomcat initialized with port 8080 (http)
2026-04-09T20:46:05.626+02:00  INFO 75356 --- [backend] [           main] o.apache.catalina.core.StandardService   : Starting service [Tomcat]
2026-04-09T20:46:05.626+02:00  INFO 75356 --- [backend] [           main] o.apache.catalina.core.StandardEngine    : Starting Servlet engine: [Apache Tomcat/10.1.25]
2026-04-09T20:46:05.644+02:00  INFO 75356 --- [backend] [           main] o.a.c.c.C.[Tomcat].[localhost].[/]       : Initializing Spring embedded WebApplicationContext
2026-04-09T20:46:05.644+02:00  INFO 75356 --- [backend] [           main] w.s.c.ServletWebServerApplicationContext : Root WebApplicationContext: initialization completed in 963 ms
2026-04-09T20:46:05.725+02:00  INFO 75356 --- [backend] [           main] o.hibernate.jpa.internal.util.LogHelper  : HHH000204: Processing PersistenceUnitInfo [name: default]
2026-04-09T20:46:05.775+02:00  INFO 75356 --- [backend] [           main] org.hibernate.Version                    : HHH000412: Hibernate ORM core version 6.5.2.Final
2026-04-09T20:46:05.795+02:00  INFO 75356 --- [backend] [           main] o.h.c.internal.RegionFactoryInitiator    : HHH000026: Second-level cache disabled
2026-04-09T20:46:05.854+02:00  INFO 75356 --- [backend] [           main] com.zaxxer.hikari.HikariDataSource       : HikariPool-1 - Starting...
2026-04-09T20:46:05.930+02:00  INFO 75356 --- [backend] [           main] com.zaxxer.hikari.pool.HikariPool        : HikariPool-1 - Added connection org.postgresql.jdbc.PgConnection@2b2a4332
2026-04-09T20:46:05.931+02:00  INFO 75356 --- [backend] [           main] com.zaxxer.hikari.HikariDataSource       : HikariPool-1 - Start completed.
2026-04-09T20:46:06.105+02:00  INFO 75356 --- [backend] [           main] o.s.o.j.p.SpringPersistenceUnitInfo      : No LoadTimeWeaver setup: ignoring JPA class transformer
2026-04-09T20:46:06.987+02:00  INFO 75356 --- [backend] [           main] o.h.e.t.j.p.i.JtaPlatformInitiator       : HHH000489: No JTA platform available (set 'hibernate.transaction.jta.platform' to enable JTA platform integration)
Hibernate: 
    alter table if exists book 
       alter column description set data type TEXT
Hibernate: 
    alter table if exists book_journal 
       alter column favorite_quotes set data type TEXT
Hibernate: 
    alter table if exists book_journal 
       alter column personal_notes set data type TEXT
Hibernate: 
    alter table if exists fanfic_journal 
       alter column personal_notes set data type TEXT
Hibernate: 
    alter table if exists fanfiction 
       alter column description set data type TEXT
Hibernate: 
    alter table if exists list 
       alter column description set data type TEXT
Hibernate: 
    alter table if exists manga 
       alter column description set data type TEXT
Hibernate: 
    alter table if exists manga_journal 
       alter column personal_notes set data type TEXT
2026-04-09T20:46:07.138+02:00  INFO 75356 --- [backend] [           main] j.LocalContainerEntityManagerFactoryBean : Initialized JPA EntityManagerFactory for persistence unit 'default'
2026-04-09T20:46:07.330+02:00  INFO 75356 --- [backend] [           main] o.s.d.j.r.query.QueryEnhancerFactory     : Hibernate is in classpath; If applicable, HQL parser will be used.
2026-04-09T20:46:07.641+02:00  INFO 75356 --- [backend] [           main] eAuthenticationProviderManagerConfigurer : Global AuthenticationManager configured with AuthenticationProvider bean with name authenticationProvider
2026-04-09T20:46:07.641+02:00  WARN 75356 --- [backend] [           main] r$InitializeUserDetailsManagerConfigurer : Global AuthenticationManager configured with an AuthenticationProvider bean. UserDetailsService beans will not be used for username/password login. Consider removing the AuthenticationProvider bean. Alternatively, consider using the UserDetailsService in a manually instantiated DaoAuthenticationProvider.
2026-04-09T20:46:08.211+02:00  INFO 75356 --- [backend] [           main] o.s.b.w.embedded.tomcat.TomcatWebServer  : Tomcat started on port 8080 (http) with context path '/'
2026-04-09T20:46:08.221+02:00  INFO 75356 --- [backend] [           main] c.calonuria.backend.BackendApplication   : Started BackendApplication in 3.812 seconds (process running for 4.123)
